TN:
SF:/home/runner/work/ros2_uav_cpp/ros2_uav_cpp/src/ros2_uav_cpp/include/ros2_uav_cpp/ros2_logger.hpp
FN:26,_ZN8ros2_uav5utils18RosLoggerInterfaceC2EN6rclcpp6LoggerE
FN:29,_ZN8ros2_uav5utils18RosLoggerInterface5debugERKNSt7__cxx1112basic_stringIcSt11char_traitsIcESaIcEEE
FN:33,_ZN8ros2_uav5utils18RosLoggerInterface4infoERKNSt7__cxx1112basic_stringIcSt11char_traitsIcESaIcEEE
FN:37,_ZN8ros2_uav5utils18RosLoggerInterface4warnERKNSt7__cxx1112basic_stringIcSt11char_traitsIcESaIcEEE
FN:41,_ZN8ros2_uav5utils18RosLoggerInterface5errorERKNSt7__cxx1112basic_stringIcSt11char_traitsIcESaIcEEE
FN:45,_ZN8ros2_uav5utils18RosLoggerInterface5fatalERKNSt7__cxx1112basic_stringIcSt11char_traitsIcESaIcEEE
FNDA:1,_ZN8ros2_uav5utils18RosLoggerInterface5fatalERKNSt7__cxx1112basic_stringIcSt11char_traitsIcESaIcEEE
FNDA:1,_ZN8ros2_uav5utils18RosLoggerInterfaceC2EN6rclcpp6LoggerE
FNDA:1,_ZN8ros2_uav5utils18RosLoggerInterface5debugERKNSt7__cxx1112basic_stringIcSt11char_traitsIcESaIcEEE
FNDA:1,_ZN8ros2_uav5utils18RosLoggerInterface5errorERKNSt7__cxx1112basic_stringIcSt11char_traitsIcESaIcEEE
FNDA:1,_ZN8ros2_uav5utils18RosLoggerInterface4warnERKNSt7__cxx1112basic_stringIcSt11char_traitsIcESaIcEEE
FNDA:1,_ZN8ros2_uav5utils18RosLoggerInterface4infoERKNSt7__cxx1112basic_stringIcSt11char_traitsIcESaIcEEE
FNF:6
FNH:6
BRDA:31,0,0,0
BRDA:31,0,1,1
BRDA:31,0,2,0
BRDA:31,0,3,0
BRDA:31,0,4,0
BRDA:31,0,5,0
BRDA:31,0,6,0
BRDA:31,0,7,0
BRDA:31,0,8,1
BRDA:31,0,9,0
BRDA:35,0,0,0
BRDA:35,0,1,1
BRDA:35,0,2,0
BRDA:35,0,3,0
BRDA:35,0,4,0
BRDA:35,0,5,0
BRDA:35,0,6,0
BRDA:35,0,7,0
BRDA:35,0,8,1
BRDA:35,0,9,0
BRDA:39,0,0,0
BRDA:39,0,1,1
BRDA:39,0,2,0
BRDA:39,0,3,0
BRDA:39,0,4,0
BRDA:39,0,5,0
BRDA:39,0,6,0
BRDA:39,0,7,0
BRDA:39,0,8,1
BRDA:39,0,9,0
BRDA:43,0,0,0
BRDA:43,0,1,1
BRDA:43,0,2,0
BRDA:43,0,3,0
BRDA:43,0,4,0
BRDA:43,0,5,0
BRDA:43,0,6,0
BRDA:43,0,7,0
BRDA:43,0,8,1
BRDA:43,0,9,0
BRDA:47,0,0,0
BRDA:47,0,1,1
BRDA:47,0,2,0
BRDA:47,0,3,0
BRDA:47,0,4,0
BRDA:47,0,5,0
BRDA:47,0,6,0
BRDA:47,0,7,0
BRDA:47,0,8,1
BRDA:47,0,9,0
BRF:50
BRH:10
DA:26,1
DA:27,1
DA:29,1
DA:31,1
DA:32,1
DA:33,1
DA:35,1
DA:36,1
DA:37,1
DA:39,1
DA:40,1
DA:41,1
DA:43,1
DA:44,1
DA:45,1
DA:47,1
DA:48,1
LF:17
LH:17
end_of_record
